<?xml version="1.0" encoding="UTF-8"?>
<!-- Generated by org.testng.reporters.JUnitReportReporter -->
<testsuite hostname="MAVCHN0522218" failures="0" tests="1" name="Runner.TestRunner" time="27.946" errors="0" timestamp="2025-03-07T16:51:14 IST" skipped="0">
  <testcase classname="Runner.TestRunner" name="runScenario" time="27.946"/>
  <system-out/>
</testsuite> <!-- Runner.TestRunner -->
